C51 COMPILER V9.60.0.0   PROJETO2                                                          02/08/2022 09:11:26 PAGE 1   


C51 COMPILER V9.60.0.0, COMPILATION OF MODULE PROJETO2
OBJECT MODULE PLACED IN .\Objects\projeto2.obj
COMPILER INVOKED BY: C:\Keil_v5\C51\BIN\C51.EXE projeto2.c OPTIMIZE(8,SPEED) BROWSE DEBUG OBJECTEXTEND PRINT(.\Listings\
                    -projeto2.lst) TABS(2) OBJECT(.\Objects\projeto2.obj)

line level    source

   1          #include <REG51F.H>
   2          
   3          sbit bit0_P2 = P2 ^ 0;
   4          sbit bit1_P2 = P2 ^ 1;
   5          
   6          void main(){
   7   1        
   8   1        while(1){
   9   2          // Verificando bit0 da Porta2
  10   2          if(bit0_P2){  //Se o bit0 == 1
  11   3            P1 = (P1 & 0xF0) | (P0 & 0x0F); // Atualiza P1 com os 4 bits menos significativos de P0
  12   3          }else{
  13   3            P1 = P1 & 0xF0; // Mantém os 4 bits mais significativos de P1 e zera os 4 menos significativos
  14   3          }
  15   2          // Verificando bit1 da Porta2
  16   2          if(bit1_P2){  // Se o bit1 == 1
  17   3            P1 = (P1 & 0x0F) | (P0 & 0xF0); // Atualiza P1 com os 4 bits mais significativos de P0
  18   3          }else{
  19   3            P1 = P1 & 0x0F; // Mantém os 4 bits menos significativos de P1 e zera os 4 mais significativos
  20   3          }
  21   2        }
  22   1      }


MODULE INFORMATION:   STATIC OVERLAYABLE
   CODE SIZE        =     42    ----
   CONSTANT SIZE    =   ----    ----
   XDATA SIZE       =   ----    ----
   PDATA SIZE       =   ----    ----
   DATA SIZE        =   ----    ----
   IDATA SIZE       =   ----    ----
   BIT SIZE         =   ----    ----
END OF MODULE INFORMATION.


C51 COMPILATION COMPLETE.  0 WARNING(S),  0 ERROR(S)
