C51 COMPILER V9.60.0.0   MAIN                                                              05/02/2022 16:30:22 PAGE 1   


C51 COMPILER V9.60.0.0, COMPILATION OF MODULE MAIN
OBJECT MODULE PLACED IN .\Objects\main.obj
COMPILER INVOKED BY: C:\Keil_v5\C51\BIN\C51.EXE main.c OPTIMIZE(8,SPEED) BROWSE DEBUG OBJECTEXTEND PRINT(.\Listings\main
                    -.lst) TABS(2) OBJECT(.\Objects\main.obj)

line level    source

   1          #include <REG517A.H>
   2          
   3          #define DEBOUNCING_TIME 4
   4          
   5          
   6          static unsigned int value = 0x00;
   7          unsigned lerTeclas(void){
   8   1        return value;
   9   1      }
  10          
  11          void varreduraDebounce(){
  12   1      
  13   1        unsigned char i;  
  14   1        
  15   1        P5 |= 0x0F;
  16   1        
  17   1        for(i = 0; i < 4; i++){
  18   2           P5.i = 0; 
*** ERROR C200 IN LINE 18 OF main.c: left side of '.' requires struct/union
  19   2       
  20   2        }
  21   1          
  22   1      }
  23          
  24          
  25          
  26          
  27          sbit varredura = 0;
*** ERROR C143 IN LINE 27 OF main.c: invalid absolute bit address
  28          
  29          
  30          
  31          void interrupcaoT0() interrupt 1 
  32          {
  33   1        if(-timerVarredura == 0)
*** ERROR C202 IN LINE 33 OF main.c: 'timerVarredura': undefined identifier
  34   1        {
  35   2          timerVarredura = ; // Reinicializa temporizador
*** ERROR C202 IN LINE 35 OF main.c: 'timerVarredura': undefined identifier
*** ERROR C141 IN LINE 35 OF main.c: syntax error near ';', expected 'sizeof'
  36   2          varredura = 1;              // Sinaliza que terminou a contagem
  37   2        }
  38   1      }
  39          
  40          
  41          
  42          int main(){
  43   1      
  44   1        while(1){
  45   2          if(varredura){
*** ERROR C202 IN LINE 45 OF main.c: 'varredura': undefined identifier
  46   3            varredura = 0;
*** ERROR C202 IN LINE 46 OF main.c: 'varredura': undefined identifier
  47   3          }
C51 COMPILER V9.60.0.0   MAIN                                                              05/02/2022 16:30:22 PAGE 2   

  48   2        }
  49   1      }
  50          
  51            

C51 COMPILATION COMPLETE.  0 WARNING(S),  7 ERROR(S)
